Determining if the Q_WS_WIN exist failed with the following output:
Change Dir: /home/salabeta/robocomp/components/parastroROB/controller/CMakeFiles/CMakeTmp

Run Build Command:"/usr/bin/make" "cmTC_a99ff/fast"
/usr/bin/make -f CMakeFiles/cmTC_a99ff.dir/build.make CMakeFiles/cmTC_a99ff.dir/build
make[1]: se entra en el directorio '/home/salabeta/robocomp/components/parastroROB/controller/CMakeFiles/CMakeTmp'
Building CXX object CMakeFiles/cmTC_a99ff.dir/CheckSymbolExists.cxx.o
/usr/bin/c++    -I/usr/include/qt4   -o CMakeFiles/cmTC_a99ff.dir/CheckSymbolExists.cxx.o -c /home/salabeta/robocomp/components/parastroROB/controller/CMakeFiles/CMakeTmp/CheckSymbolExists.cxx
/home/salabeta/robocomp/components/parastroROB/controller/CMakeFiles/CMakeTmp/CheckSymbolExists.cxx: In function ‘int main(int, char**)’:
/home/salabeta/robocomp/components/parastroROB/controller/CMakeFiles/CMakeTmp/CheckSymbolExists.cxx:8:19: error: ‘Q_WS_WIN’ was not declared in this scope
   return ((int*)(&Q_WS_WIN))[argc];
                   ^
CMakeFiles/cmTC_a99ff.dir/build.make:65: fallo en las instrucciones para el objetivo 'CMakeFiles/cmTC_a99ff.dir/CheckSymbolExists.cxx.o'
make[1]: *** [CMakeFiles/cmTC_a99ff.dir/CheckSymbolExists.cxx.o] Error 1
make[1]: se sale del directorio '/home/salabeta/robocomp/components/parastroROB/controller/CMakeFiles/CMakeTmp'
Makefile:126: fallo en las instrucciones para el objetivo 'cmTC_a99ff/fast'
make: *** [cmTC_a99ff/fast] Error 2

File /home/salabeta/robocomp/components/parastroROB/controller/CMakeFiles/CMakeTmp/CheckSymbolExists.cxx:
/* */
#include <QtCore/qglobal.h>

int main(int argc, char** argv)
{
  (void)argv;
#ifndef Q_WS_WIN
  return ((int*)(&Q_WS_WIN))[argc];
#else
  (void)argc;
  return 0;
#endif
}

Determining if the Q_WS_QWS exist failed with the following output:
Change Dir: /home/salabeta/robocomp/components/parastroROB/controller/CMakeFiles/CMakeTmp

Run Build Command:"/usr/bin/make" "cmTC_742d6/fast"
/usr/bin/make -f CMakeFiles/cmTC_742d6.dir/build.make CMakeFiles/cmTC_742d6.dir/build
make[1]: se entra en el directorio '/home/salabeta/robocomp/components/parastroROB/controller/CMakeFiles/CMakeTmp'
Building CXX object CMakeFiles/cmTC_742d6.dir/CheckSymbolExists.cxx.o
/usr/bin/c++    -I/usr/include/qt4   -o CMakeFiles/cmTC_742d6.dir/CheckSymbolExists.cxx.o -c /home/salabeta/robocomp/components/parastroROB/controller/CMakeFiles/CMakeTmp/CheckSymbolExists.cxx
/home/salabeta/robocomp/components/parastroROB/controller/CMakeFiles/CMakeTmp/CheckSymbolExists.cxx: In function ‘int main(int, char**)’:
/home/salabeta/robocomp/components/parastroROB/controller/CMakeFiles/CMakeTmp/CheckSymbolExists.cxx:8:19: error: ‘Q_WS_QWS’ was not declared in this scope
   return ((int*)(&Q_WS_QWS))[argc];
                   ^
CMakeFiles/cmTC_742d6.dir/build.make:65: fallo en las instrucciones para el objetivo 'CMakeFiles/cmTC_742d6.dir/CheckSymbolExists.cxx.o'
make[1]: *** [CMakeFiles/cmTC_742d6.dir/CheckSymbolExists.cxx.o] Error 1
make[1]: se sale del directorio '/home/salabeta/robocomp/components/parastroROB/controller/CMakeFiles/CMakeTmp'
Makefile:126: fallo en las instrucciones para el objetivo 'cmTC_742d6/fast'
make: *** [cmTC_742d6/fast] Error 2

File /home/salabeta/robocomp/components/parastroROB/controller/CMakeFiles/CMakeTmp/CheckSymbolExists.cxx:
/* */
#include <QtCore/qglobal.h>

int main(int argc, char** argv)
{
  (void)argv;
#ifndef Q_WS_QWS
  return ((int*)(&Q_WS_QWS))[argc];
#else
  (void)argc;
  return 0;
#endif
}

Determining if the Q_WS_MAC exist failed with the following output:
Change Dir: /home/salabeta/robocomp/components/parastroROB/controller/CMakeFiles/CMakeTmp

Run Build Command:"/usr/bin/make" "cmTC_938d9/fast"
/usr/bin/make -f CMakeFiles/cmTC_938d9.dir/build.make CMakeFiles/cmTC_938d9.dir/build
make[1]: se entra en el directorio '/home/salabeta/robocomp/components/parastroROB/controller/CMakeFiles/CMakeTmp'
Building CXX object CMakeFiles/cmTC_938d9.dir/CheckSymbolExists.cxx.o
/usr/bin/c++    -I/usr/include/qt4   -o CMakeFiles/cmTC_938d9.dir/CheckSymbolExists.cxx.o -c /home/salabeta/robocomp/components/parastroROB/controller/CMakeFiles/CMakeTmp/CheckSymbolExists.cxx
/home/salabeta/robocomp/components/parastroROB/controller/CMakeFiles/CMakeTmp/CheckSymbolExists.cxx: In function ‘int main(int, char**)’:
/home/salabeta/robocomp/components/parastroROB/controller/CMakeFiles/CMakeTmp/CheckSymbolExists.cxx:8:19: error: ‘Q_WS_MAC’ was not declared in this scope
   return ((int*)(&Q_WS_MAC))[argc];
                   ^
CMakeFiles/cmTC_938d9.dir/build.make:65: fallo en las instrucciones para el objetivo 'CMakeFiles/cmTC_938d9.dir/CheckSymbolExists.cxx.o'
make[1]: *** [CMakeFiles/cmTC_938d9.dir/CheckSymbolExists.cxx.o] Error 1
make[1]: se sale del directorio '/home/salabeta/robocomp/components/parastroROB/controller/CMakeFiles/CMakeTmp'
Makefile:126: fallo en las instrucciones para el objetivo 'cmTC_938d9/fast'
make: *** [cmTC_938d9/fast] Error 2

File /home/salabeta/robocomp/components/parastroROB/controller/CMakeFiles/CMakeTmp/CheckSymbolExists.cxx:
/* */
#include <QtCore/qglobal.h>

int main(int argc, char** argv)
{
  (void)argv;
#ifndef Q_WS_MAC
  return ((int*)(&Q_WS_MAC))[argc];
#else
  (void)argc;
  return 0;
#endif
}

Determining if the Q_WS_WIN exist failed with the following output:
Change Dir: /home/juanlu/robocomp/components/parastroROB/controller/CMakeFiles/CMakeTmp

Run Build Command:"/usr/bin/make" "cmTC_8e4a2/fast"
/usr/bin/make -f CMakeFiles/cmTC_8e4a2.dir/build.make CMakeFiles/cmTC_8e4a2.dir/build
make[1]: se entra en el directorio '/home/juanlu/robocomp/components/parastroROB/controller/CMakeFiles/CMakeTmp'
Building CXX object CMakeFiles/cmTC_8e4a2.dir/CheckSymbolExists.cxx.o
/usr/bin/c++    -I/usr/include/qt4   -o CMakeFiles/cmTC_8e4a2.dir/CheckSymbolExists.cxx.o -c /home/juanlu/robocomp/components/parastroROB/controller/CMakeFiles/CMakeTmp/CheckSymbolExists.cxx
/home/juanlu/robocomp/components/parastroROB/controller/CMakeFiles/CMakeTmp/CheckSymbolExists.cxx: In function ‘int main(int, char**)’:
/home/juanlu/robocomp/components/parastroROB/controller/CMakeFiles/CMakeTmp/CheckSymbolExists.cxx:8:19: error: ‘Q_WS_WIN’ was not declared in this scope
   return ((int*)(&Q_WS_WIN))[argc];
                   ^
CMakeFiles/cmTC_8e4a2.dir/build.make:65: fallo en las instrucciones para el objetivo 'CMakeFiles/cmTC_8e4a2.dir/CheckSymbolExists.cxx.o'
make[1]: *** [CMakeFiles/cmTC_8e4a2.dir/CheckSymbolExists.cxx.o] Error 1
make[1]: se sale del directorio '/home/juanlu/robocomp/components/parastroROB/controller/CMakeFiles/CMakeTmp'
Makefile:126: fallo en las instrucciones para el objetivo 'cmTC_8e4a2/fast'
make: *** [cmTC_8e4a2/fast] Error 2

File /home/juanlu/robocomp/components/parastroROB/controller/CMakeFiles/CMakeTmp/CheckSymbolExists.cxx:
/* */
#include <QtCore/qglobal.h>

int main(int argc, char** argv)
{
  (void)argv;
#ifndef Q_WS_WIN
  return ((int*)(&Q_WS_WIN))[argc];
#else
  (void)argc;
  return 0;
#endif
}

Determining if the Q_WS_QWS exist failed with the following output:
Change Dir: /home/juanlu/robocomp/components/parastroROB/controller/CMakeFiles/CMakeTmp

Run Build Command:"/usr/bin/make" "cmTC_bc4c4/fast"
/usr/bin/make -f CMakeFiles/cmTC_bc4c4.dir/build.make CMakeFiles/cmTC_bc4c4.dir/build
make[1]: se entra en el directorio '/home/juanlu/robocomp/components/parastroROB/controller/CMakeFiles/CMakeTmp'
Building CXX object CMakeFiles/cmTC_bc4c4.dir/CheckSymbolExists.cxx.o
/usr/bin/c++    -I/usr/include/qt4   -o CMakeFiles/cmTC_bc4c4.dir/CheckSymbolExists.cxx.o -c /home/juanlu/robocomp/components/parastroROB/controller/CMakeFiles/CMakeTmp/CheckSymbolExists.cxx
/home/juanlu/robocomp/components/parastroROB/controller/CMakeFiles/CMakeTmp/CheckSymbolExists.cxx: In function ‘int main(int, char**)’:
/home/juanlu/robocomp/components/parastroROB/controller/CMakeFiles/CMakeTmp/CheckSymbolExists.cxx:8:19: error: ‘Q_WS_QWS’ was not declared in this scope
   return ((int*)(&Q_WS_QWS))[argc];
                   ^
CMakeFiles/cmTC_bc4c4.dir/build.make:65: fallo en las instrucciones para el objetivo 'CMakeFiles/cmTC_bc4c4.dir/CheckSymbolExists.cxx.o'
make[1]: *** [CMakeFiles/cmTC_bc4c4.dir/CheckSymbolExists.cxx.o] Error 1
make[1]: se sale del directorio '/home/juanlu/robocomp/components/parastroROB/controller/CMakeFiles/CMakeTmp'
Makefile:126: fallo en las instrucciones para el objetivo 'cmTC_bc4c4/fast'
make: *** [cmTC_bc4c4/fast] Error 2

File /home/juanlu/robocomp/components/parastroROB/controller/CMakeFiles/CMakeTmp/CheckSymbolExists.cxx:
/* */
#include <QtCore/qglobal.h>

int main(int argc, char** argv)
{
  (void)argv;
#ifndef Q_WS_QWS
  return ((int*)(&Q_WS_QWS))[argc];
#else
  (void)argc;
  return 0;
#endif
}

Determining if the Q_WS_MAC exist failed with the following output:
Change Dir: /home/juanlu/robocomp/components/parastroROB/controller/CMakeFiles/CMakeTmp

Run Build Command:"/usr/bin/make" "cmTC_c19fa/fast"
/usr/bin/make -f CMakeFiles/cmTC_c19fa.dir/build.make CMakeFiles/cmTC_c19fa.dir/build
make[1]: se entra en el directorio '/home/juanlu/robocomp/components/parastroROB/controller/CMakeFiles/CMakeTmp'
Building CXX object CMakeFiles/cmTC_c19fa.dir/CheckSymbolExists.cxx.o
/usr/bin/c++    -I/usr/include/qt4   -o CMakeFiles/cmTC_c19fa.dir/CheckSymbolExists.cxx.o -c /home/juanlu/robocomp/components/parastroROB/controller/CMakeFiles/CMakeTmp/CheckSymbolExists.cxx
/home/juanlu/robocomp/components/parastroROB/controller/CMakeFiles/CMakeTmp/CheckSymbolExists.cxx: In function ‘int main(int, char**)’:
/home/juanlu/robocomp/components/parastroROB/controller/CMakeFiles/CMakeTmp/CheckSymbolExists.cxx:8:19: error: ‘Q_WS_MAC’ was not declared in this scope
   return ((int*)(&Q_WS_MAC))[argc];
                   ^
CMakeFiles/cmTC_c19fa.dir/build.make:65: fallo en las instrucciones para el objetivo 'CMakeFiles/cmTC_c19fa.dir/CheckSymbolExists.cxx.o'
make[1]: *** [CMakeFiles/cmTC_c19fa.dir/CheckSymbolExists.cxx.o] Error 1
make[1]: se sale del directorio '/home/juanlu/robocomp/components/parastroROB/controller/CMakeFiles/CMakeTmp'
Makefile:126: fallo en las instrucciones para el objetivo 'cmTC_c19fa/fast'
make: *** [cmTC_c19fa/fast] Error 2

File /home/juanlu/robocomp/components/parastroROB/controller/CMakeFiles/CMakeTmp/CheckSymbolExists.cxx:
/* */
#include <QtCore/qglobal.h>

int main(int argc, char** argv)
{
  (void)argv;
#ifndef Q_WS_MAC
  return ((int*)(&Q_WS_MAC))[argc];
#else
  (void)argc;
  return 0;
#endif
}

Determining if the Q_WS_WIN exist failed with the following output:
Change Dir: /home/juanlu/robocomp/components/parastroROB/CONTROLLER/CMakeFiles/CMakeTmp

Run Build Command:"/usr/bin/make" "cmTC_77ea0/fast"
/usr/bin/make -f CMakeFiles/cmTC_77ea0.dir/build.make CMakeFiles/cmTC_77ea0.dir/build
make[1]: se entra en el directorio '/home/juanlu/robocomp/components/parastroROB/CONTROLLER/CMakeFiles/CMakeTmp'
Building CXX object CMakeFiles/cmTC_77ea0.dir/CheckSymbolExists.cxx.o
/usr/bin/c++    -I/usr/include/qt4   -o CMakeFiles/cmTC_77ea0.dir/CheckSymbolExists.cxx.o -c /home/juanlu/robocomp/components/parastroROB/CONTROLLER/CMakeFiles/CMakeTmp/CheckSymbolExists.cxx
/home/juanlu/robocomp/components/parastroROB/CONTROLLER/CMakeFiles/CMakeTmp/CheckSymbolExists.cxx: In function ‘int main(int, char**)’:
/home/juanlu/robocomp/components/parastroROB/CONTROLLER/CMakeFiles/CMakeTmp/CheckSymbolExists.cxx:8:19: error: ‘Q_WS_WIN’ was not declared in this scope
   return ((int*)(&Q_WS_WIN))[argc];
                   ^
CMakeFiles/cmTC_77ea0.dir/build.make:65: fallo en las instrucciones para el objetivo 'CMakeFiles/cmTC_77ea0.dir/CheckSymbolExists.cxx.o'
make[1]: *** [CMakeFiles/cmTC_77ea0.dir/CheckSymbolExists.cxx.o] Error 1
make[1]: se sale del directorio '/home/juanlu/robocomp/components/parastroROB/CONTROLLER/CMakeFiles/CMakeTmp'
Makefile:126: fallo en las instrucciones para el objetivo 'cmTC_77ea0/fast'
make: *** [cmTC_77ea0/fast] Error 2

File /home/juanlu/robocomp/components/parastroROB/CONTROLLER/CMakeFiles/CMakeTmp/CheckSymbolExists.cxx:
/* */
#include <QtCore/qglobal.h>

int main(int argc, char** argv)
{
  (void)argv;
#ifndef Q_WS_WIN
  return ((int*)(&Q_WS_WIN))[argc];
#else
  (void)argc;
  return 0;
#endif
}

Determining if the Q_WS_QWS exist failed with the following output:
Change Dir: /home/juanlu/robocomp/components/parastroROB/CONTROLLER/CMakeFiles/CMakeTmp

Run Build Command:"/usr/bin/make" "cmTC_5a37b/fast"
/usr/bin/make -f CMakeFiles/cmTC_5a37b.dir/build.make CMakeFiles/cmTC_5a37b.dir/build
make[1]: se entra en el directorio '/home/juanlu/robocomp/components/parastroROB/CONTROLLER/CMakeFiles/CMakeTmp'
Building CXX object CMakeFiles/cmTC_5a37b.dir/CheckSymbolExists.cxx.o
/usr/bin/c++    -I/usr/include/qt4   -o CMakeFiles/cmTC_5a37b.dir/CheckSymbolExists.cxx.o -c /home/juanlu/robocomp/components/parastroROB/CONTROLLER/CMakeFiles/CMakeTmp/CheckSymbolExists.cxx
/home/juanlu/robocomp/components/parastroROB/CONTROLLER/CMakeFiles/CMakeTmp/CheckSymbolExists.cxx: In function ‘int main(int, char**)’:
/home/juanlu/robocomp/components/parastroROB/CONTROLLER/CMakeFiles/CMakeTmp/CheckSymbolExists.cxx:8:19: error: ‘Q_WS_QWS’ was not declared in this scope
   return ((int*)(&Q_WS_QWS))[argc];
                   ^
CMakeFiles/cmTC_5a37b.dir/build.make:65: fallo en las instrucciones para el objetivo 'CMakeFiles/cmTC_5a37b.dir/CheckSymbolExists.cxx.o'
make[1]: *** [CMakeFiles/cmTC_5a37b.dir/CheckSymbolExists.cxx.o] Error 1
make[1]: se sale del directorio '/home/juanlu/robocomp/components/parastroROB/CONTROLLER/CMakeFiles/CMakeTmp'
Makefile:126: fallo en las instrucciones para el objetivo 'cmTC_5a37b/fast'
make: *** [cmTC_5a37b/fast] Error 2

File /home/juanlu/robocomp/components/parastroROB/CONTROLLER/CMakeFiles/CMakeTmp/CheckSymbolExists.cxx:
/* */
#include <QtCore/qglobal.h>

int main(int argc, char** argv)
{
  (void)argv;
#ifndef Q_WS_QWS
  return ((int*)(&Q_WS_QWS))[argc];
#else
  (void)argc;
  return 0;
#endif
}

Determining if the Q_WS_MAC exist failed with the following output:
Change Dir: /home/juanlu/robocomp/components/parastroROB/CONTROLLER/CMakeFiles/CMakeTmp

Run Build Command:"/usr/bin/make" "cmTC_04412/fast"
/usr/bin/make -f CMakeFiles/cmTC_04412.dir/build.make CMakeFiles/cmTC_04412.dir/build
make[1]: se entra en el directorio '/home/juanlu/robocomp/components/parastroROB/CONTROLLER/CMakeFiles/CMakeTmp'
Building CXX object CMakeFiles/cmTC_04412.dir/CheckSymbolExists.cxx.o
/usr/bin/c++    -I/usr/include/qt4   -o CMakeFiles/cmTC_04412.dir/CheckSymbolExists.cxx.o -c /home/juanlu/robocomp/components/parastroROB/CONTROLLER/CMakeFiles/CMakeTmp/CheckSymbolExists.cxx
/home/juanlu/robocomp/components/parastroROB/CONTROLLER/CMakeFiles/CMakeTmp/CheckSymbolExists.cxx: In function ‘int main(int, char**)’:
/home/juanlu/robocomp/components/parastroROB/CONTROLLER/CMakeFiles/CMakeTmp/CheckSymbolExists.cxx:8:19: error: ‘Q_WS_MAC’ was not declared in this scope
   return ((int*)(&Q_WS_MAC))[argc];
                   ^
CMakeFiles/cmTC_04412.dir/build.make:65: fallo en las instrucciones para el objetivo 'CMakeFiles/cmTC_04412.dir/CheckSymbolExists.cxx.o'
make[1]: *** [CMakeFiles/cmTC_04412.dir/CheckSymbolExists.cxx.o] Error 1
make[1]: se sale del directorio '/home/juanlu/robocomp/components/parastroROB/CONTROLLER/CMakeFiles/CMakeTmp'
Makefile:126: fallo en las instrucciones para el objetivo 'cmTC_04412/fast'
make: *** [cmTC_04412/fast] Error 2

File /home/juanlu/robocomp/components/parastroROB/CONTROLLER/CMakeFiles/CMakeTmp/CheckSymbolExists.cxx:
/* */
#include <QtCore/qglobal.h>

int main(int argc, char** argv)
{
  (void)argv;
#ifndef Q_WS_MAC
  return ((int*)(&Q_WS_MAC))[argc];
#else
  (void)argc;
  return 0;
#endif
}

